#
# A fatal error has been detected by the Java Runtime Environment:
#
#  Internal Error (javaClasses.cpp:127), pid=9116, tid=10868
#  fatal error: Invalid layout of preloaded class
#
# JRE version:  (8.0_40-b25) (build )
# Java VM: Java HotSpot(TM) 64-Bit Server VM (25.40-b25 mixed mode windows-amd64 compressed oops)
# Failed to write core dump. Minidumps are not enabled by default on client versions of Windows
#
# If you would like to submit a bug report, please visit:
#   http://bugreport.java.com/bugreport/crash.jsp
#

---------------  T H R E A D  ---------------

Current thread (0x00000000009ae000):  JavaThread "Unknown thread" [_thread_in_vm, id=10868, stack(0x00000000024b0000,0x00000000025b0000)]

Stack: [0x00000000024b0000,0x00000000025b0000]
Native frames: (J=compiled Java code, j=interpreted, Vv=VM code, C=native code)
V  [jvm.dll+0x32b47a]
V  [jvm.dll+0x2797f3]
V  [jvm.dll+0x27a489]
V  [jvm.dll+0x271726]
V  [jvm.dll+0x67fd3]
V  [jvm.dll+0x680c3]
V  [jvm.dll+0x7d63a]
V  [jvm.dll+0x7d9a6]
V  [jvm.dll+0xf2077]
V  [jvm.dll+0xf2406]
V  [jvm.dll+0x20f107]
V  [jvm.dll+0x240d9a]
V  [jvm.dll+0x15b941]
C  [javaw.exe+0x217e]
C  [javaw.exe+0xcd17]
C  [javaw.exe+0xcdab]
C  [KERNEL32.DLL+0x18102]
C  [ntdll.dll+0x5c264]


---------------  P R O C E S S  ---------------

Java Threads: ( => current thread )

Other Threads:

=>0x00000000009ae000 (exited) JavaThread "Unknown thread" [_thread_in_vm, id=10868, stack(0x00000000024b0000,0x00000000025b0000)]

VM state:not at safepoint (not fully initialized)

VM Mutex/Monitor currently owned by a thread: None

GC Heap History (0 events):
No events

Deoptimization events (0 events):
No events

Internal exceptions (0 events):
No events

Events (10 events):
Event: 0.020 loading class java/lang/CharSequence done
Event: 0.021 loading class java/lang/String done
Event: 0.021 loading class java/lang/Class
Event: 0.021 loading class java/lang/reflect/AnnotatedElement
Event: 0.021 loading class java/lang/reflect/AnnotatedElement done
Event: 0.021 loading class java/lang/reflect/GenericDeclaration
Event: 0.021 loading class java/lang/reflect/GenericDeclaration done
Event: 0.021 loading class java/lang/reflect/Type
Event: 0.021 loading class java/lang/reflect/Type done
Event: 0.021 loading class java/lang/Class done


Dynamic libraries:
0x00007ff6af3c0000 - 0x00007ff6af3f7000 	C:\Program Files\Java\jdk1.8.0_40\bin\javaw.exe
0x00007ffc0c8a0000 - 0x00007ffc0ca61000 	C:\WINDOWS\SYSTEM32\ntdll.dll
0x00007ffc0c5f0000 - 0x00007ffc0c69d000 	C:\WINDOWS\system32\KERNEL32.DLL
0x00007ffc09090000 - 0x00007ffc09278000 	C:\WINDOWS\system32\KERNELBASE.dll
0x00007ffc09ae0000 - 0x00007ffc09b87000 	C:\WINDOWS\system32\ADVAPI32.dll
0x00007ffc0c6a0000 - 0x00007ffc0c73d000 	C:\WINDOWS\system32\msvcrt.dll
0x00007ffc0c800000 - 0x00007ffc0c85b000 	C:\WINDOWS\system32\sechost.dll
0x00007ffc09de0000 - 0x00007ffc09efc000 	C:\WINDOWS\system32\RPCRT4.dll
0x00007ffc0c480000 - 0x00007ffc0c5d6000 	C:\WINDOWS\system32\USER32.dll
0x00007ffc09c50000 - 0x00007ffc09dd6000 	C:\WINDOWS\system32\GDI32.dll
0x00007ffc05700000 - 0x00007ffc05974000 	C:\WINDOWS\WinSxS\amd64_microsoft.windows.common-controls_6595b64144ccf1df_6.0.10586.0_none_8c15ae12515e1c22\COMCTL32.dll
0x00007ffc0a2e0000 - 0x00007ffc0a55d000 	C:\WINDOWS\system32\combase.dll
0x00007ffc09a60000 - 0x00007ffc09aca000 	C:\WINDOWS\system32\bcryptPrimitives.dll
0x00007ffc0c860000 - 0x00007ffc0c89b000 	C:\WINDOWS\system32\IMM32.DLL
0x000000006fe80000 - 0x000000006ff52000 	C:\Program Files\Java\jdk1.8.0_40\jre\bin\msvcr100.dll
0x000000006fff0000 - 0x0000000070873000 	C:\Program Files\Java\jdk1.8.0_40\jre\bin\server\jvm.dll
0x00007ffc08ed0000 - 0x00007ffc08ef3000 	C:\WINDOWS\system32\WINMM.dll
0x00007ffc08cb0000 - 0x00007ffc08cdc000 	C:\WINDOWS\system32\WINMMBASE.dll
0x00007ffc08f00000 - 0x00007ffc08f43000 	C:\WINDOWS\system32\cfgmgr32.dll
0x00007ffbf9bf0000 - 0x00007ffbf9bf9000 	C:\WINDOWS\SYSTEM32\WSOCK32.dll
0x00007ffc09b90000 - 0x00007ffc09b98000 	C:\WINDOWS\system32\PSAPI.DLL
0x00007ffc0c230000 - 0x00007ffc0c29b000 	C:\WINDOWS\system32\WS2_32.dll
0x00007ffc07b40000 - 0x00007ffc07b4a000 	C:\WINDOWS\SYSTEM32\VERSION.dll
0x00000000717b0000 - 0x00000000717bf000 	C:\Program Files\Java\jdk1.8.0_40\jre\bin\verify.dll
0x0000000071520000 - 0x0000000071549000 	C:\Program Files\Java\jdk1.8.0_40\jre\bin\java.dll
0x000000006ffd0000 - 0x000000006ffe6000 	C:\Program Files\Java\jdk1.8.0_40\jre\bin\zip.dll
0x00007ffbfbed0000 - 0x00007ffbfc05c000 	C:\WINDOWS\SYSTEM32\dbghelp.dll

VM Arguments:
jvm_args: -Dfile.encoding=UTF-8 -Xbootclasspath:B:\eclipse\adt-bundle-windows-x86-20130917\sdk\platforms\android-18\android.jar 
java_command: com.jorba.other.PinYin2Abbreviation
java_class_path (initial): B:\eclipse\WorkSpace\Jorba\libs\android-support-v4.jar;B:\eclipse\WorkSpace\Jorba\bin\classes
Launcher Type: SUN_STANDARD

Environment Variables:
JAVA_HOME=?C:\Program Files\Java\jdk1.8.0_40
JRE_HOME=C:\Program Files\Java\jre1.8.0_40
CLASSPATH=.;?C:\Program Files\Java\jdk1.8.0_40\lib\dt.jar;?C:\Program Files\Java\jdk1.8.0_40\lib\tools.jar
PATH=C:/Program Files/Java/jdk1.8.0_40/bin/../jre/bin/server;C:/Program Files/Java/jdk1.8.0_40/bin/../jre/bin;C:/Program Files/Java/jdk1.8.0_40/bin/../jre/lib/amd64;C:\Program Files (x86)\NVIDIA Corporation\PhysX\Common;?C:\ProgramData\Oracle\Java\javapath;?C:\Program Files\Java\jdk1.8.0_40\bin;C:\Program Files\Java\jdk1.8.0_40\bin;B:\python-2.7;C:\Program Files (x86)\Intel\iCLS Client\;C:\Program Files\Intel\iCLS Client\;C:\WINDOWS\system32;C:\WINDOWS;C:\WINDOWS\System32\Wbem;C:\WINDOWS\System32\WindowsPowerShell\v1.0\;C:\Program Files\Intel\Intel(R) Management Engine Components\DAL;C:\Program Files\Intel\Intel(R) Management Engine Components\IPT;C:\Program Files (x86)\Intel\Intel(R) Management Engine Components\DAL;C:\Program Files (x86)\Intel\Intel(R) Management Engine Components\IPT;C:\Program Files\Intel\WiFi\bin\;C:\Program Files\Common Files\Intel\WirelessCommon\;C:\Program Files (x86)\Common Files\lenovo\easyplussdk\bin;C:\ProgramData\Lenovo\ReadyApps;C:\Program Files (x86)\Microsoft SQL Server\100\Tools\Binn\;C:\Program Files\Microsoft SQL Server\100\Tools\Binn\;C:\Program Files\Microsoft SQL Server\100\DTS\Binn\;C:\Program Files (x86)\Microsoft SQL Server\100\Tools\Binn\VSShell\Common7\IDE\;C:\Program Files (x86)\Microsoft SQL Server\100\DTS\Binn\;C:\Program Files (x86)\Microsoft Visual Studio 9.0\Common7\IDE\PrivateAssemblies\;B:\MapGis\MapGIS 10\program;B:\Tomcat\apache-tomcat-7.0.64\lib;B:\Tomcat\apache-tomcat-7.0.64\bin;B:\eclipse\eclipse;
USERNAME=YY
OS=Windows_NT
PROCESSOR_IDENTIFIER=Intel64 Family 6 Model 60 Stepping 3, GenuineIntel



---------------  S Y S T E M  ---------------

OS: Windows 10.0 , 64 bit Build 10586 (10.0.10586.0)

CPU:total 4 (2 cores per cpu, 2 threads per core) family 6 model 60 stepping 3, cmov, cx8, fxsr, mmx, sse, sse2, sse3, ssse3, sse4.1, sse4.2, popcnt, avx, avx2, aes, clmul, erms, lzcnt, ht, tsc, tscinvbit, bmi1, bmi2

Memory: 4k page, physical 8276632k(4082476k free), swap 11289104k(1975908k free)

vm_info: Java HotSpot(TM) 64-Bit Server VM (25.40-b25) for windows-amd64 JRE (1.8.0_40-b25), built on Feb 10 2015 21:53:57 by "java_re" with MS VC++ 10.0 (VS2010)

time: Sun Dec 06 16:55:16 2015
elapsed time: 0 seconds (0d 0h 0m 0s)

